<?xml version="1.0" encoding="UTF-8"?>
<!-- Generated by org.testng.reporters.JUnitReportReporter -->
<testsuite hostname="LAPTOP-0A2M3F1A" failures="0" tests="2" name="testcases.TimePageTest" time="55.128" errors="0" timestamp="2023-06-19T00:46:48 IST" skipped="0">
  <testcase classname="testcases.TimePageTest" name="clickAttendance" time="25.065"/>
  <system-out/>
  <testcase classname="testcases.TimePageTest" name="clickOnPunchInOut" time="30.063"/>
  <system-out/>
</testsuite> <!-- testcases.TimePageTest -->
