<?xml version="1.0" encoding="UTF-8"?>
<!-- Generated by org.testng.reporters.JUnitReportReporter -->
<testsuite hostname="LAPTOP-0A2M3F1A" failures="0" tests="4" name="testcases.WeekTimeSheetTest" time="133.337" errors="0" timestamp="2023-06-19T00:46:48 IST" skipped="0">
  <testcase classname="testcases.WeekTimeSheetTest" name="edit" time="32.799"/>
  <system-out/>
  <testcase classname="testcases.WeekTimeSheetTest" name="clickAddRow" time="33.425"/>
  <system-out/>
  <testcase classname="testcases.WeekTimeSheetTest" name="clickReset" time="33.980"/>
  <system-out/>
  <testcase classname="testcases.WeekTimeSheetTest" name="clickCancel" time="33.133"/>
  <system-out/>
</testsuite> <!-- testcases.WeekTimeSheetTest -->
