<?xml version="1.0" encoding="UTF-8"?>
<!-- Generated by org.testng.reporters.JUnitReportReporter -->
<testsuite hostname="LAPTOP-0A2M3F1A" failures="0" tests="2" name="testcases.PunchInTest" time="80.435" errors="0" timestamp="2023-06-19T00:46:48 IST" skipped="0">
  <testcase classname="testcases.PunchInTest" name="Note" time="40.769"/>
  <system-out/>
  <testcase classname="testcases.PunchInTest" name="In" time="39.666"/>
  <system-out/>
</testsuite> <!-- testcases.PunchInTest -->
