<?xml version="1.0" encoding="UTF-8"?>
<!-- Generated by org.testng.reporters.JUnitReportReporter -->
<testsuite hostname="LAPTOP-0A2M3F1A" failures="0" tests="3" name="testcases.TimeSheetTest" time="80.522" errors="0" timestamp="2023-06-19T00:46:48 IST" skipped="0">
  <testcase classname="testcases.TimeSheetTest" name="timeSheet" time="24.382"/>
  <system-out/>
  <testcase classname="testcases.TimeSheetTest" name="employee" time="31.541"/>
  <system-out/>
  <testcase classname="testcases.TimeSheetTest" name="getRecord" time="24.599"/>
  <system-out/>
</testsuite> <!-- testcases.TimeSheetTest -->
