<?xml version="1.0" encoding="UTF-8"?>
<!-- Generated by org.testng.reporters.JUnitReportReporter -->
<testsuite hostname="LAPTOP-0A2M3F1A" failures="0" tests="2" name="testcases.LoginPageTest" time="41.283" errors="0" timestamp="2023-06-19T00:46:48 IST" skipped="0">
  <testcase classname="testcases.LoginPageTest" name="title" time="12.554"/>
  <system-out/>
  <testcase classname="testcases.LoginPageTest" name="loginSuccess" time="28.729"/>
  <system-out/>
</testsuite> <!-- testcases.LoginPageTest -->
