<?xml version="1.0" encoding="UTF-8"?>
<!-- Generated by org.testng.reporters.JUnitReportReporter -->
<testsuite hostname="LAPTOP-0A2M3F1A" failures="0" tests="1" name="testcases.HomePageTest" time="28.617" errors="0" timestamp="2023-06-19T00:46:48 IST" skipped="0">
  <testcase classname="testcases.HomePageTest" name="getTimePage" time="28.617"/>
  <system-out/>
</testsuite> <!-- testcases.HomePageTest -->
