<?xml version="1.0" encoding="UTF-8"?>
<!-- Generated by org.testng.reporters.JUnitReportReporter -->
<testsuite hostname="LAPTOP-0A2M3F1A" failures="0" tests="11" name="testcases.ProjectsPageTest" time="385.323" errors="0" timestamp="2023-06-19T00:46:48 IST" skipped="0">
  <testcase classname="testcases.ProjectsPageTest" name="projectInfo" time="27.936"/>
  <system-out/>
  <testcase classname="testcases.ProjectsPageTest" name="projects" time="36.444"/>
  <system-out/>
  <testcase classname="testcases.ProjectsPageTest" name="add" time="38.280"/>
  <system-out/>
  <testcase classname="testcases.ProjectsPageTest" name="CustomerLink" time="37.258"/>
  <system-out/>
  <testcase classname="testcases.ProjectsPageTest" name="cName" time="38.155"/>
  <system-out/>
  <testcase classname="testcases.ProjectsPageTest" name="cDesc" time="31.639"/>
  <system-out/>
  <testcase classname="testcases.ProjectsPageTest" name="saveDetails" time="30.994"/>
  <system-out/>
  <testcase classname="testcases.ProjectsPageTest" name="clickPName" time="33.884"/>
  <system-out/>
  <testcase classname="testcases.ProjectsPageTest" name="clickPAdmin" time="38.779"/>
  <system-out/>
  <testcase classname="testcases.ProjectsPageTest" name="clickDesc" time="37.358"/>
  <system-out/>
  <testcase classname="testcases.ProjectsPageTest" name="cSave" time="34.596"/>
  <system-out/>
</testsuite> <!-- testcases.ProjectsPageTest -->
